<?xml version="1.0" encoding="UTF-8"?>
<!-- Generated by org.testng.reporters.JUnitReportReporter -->
<testsuite hostname="DESKTOP-RA51APB" failures="0" tests="1" name="Runner_Script.Runner1" time="5.870" errors="0" timestamp="2024-03-07T10:03:11 IST" skipped="0">
  <testcase classname="Runner_Script.Runner1" name="read" time="5.870"/>
  <system-out/>
</testsuite> <!-- Runner_Script.Runner1 -->
