<?xml version="1.0" encoding="UTF-8"?>
<!-- Generated by org.testng.reporters.JUnitReportReporter -->
<testsuite hostname="DESKTOP-RA51APB" failures="0" tests="2" name="Runner_Script.Parallel" time="26.921" errors="0" timestamp="2024-02-29T10:45:28 IST" skipped="0">
  <testcase classname="Runner_Script.Parallel" name="exec" time="14.675"/>
  <system-out/>
  <testcase classname="Runner_Script.Parallel" name="exec" time="12.246"/>
  <system-out/>
</testsuite> <!-- Runner_Script.Parallel -->
