<?xml version="1.0" encoding="UTF-8"?>
<!-- Generated by org.testng.reporters.JUnitReportReporter -->
<testsuite hostname="DESKTOP-RA51APB" failures="0" tests="4" name="Runner_Script.RunnerClass" time="11.825" errors="0" timestamp="2024-03-12T09:53:00 IST" skipped="0">
  <testcase classname="Runner_Script.RunnerClass" name="facelogin" time="3.186"/>
  <system-out/>
  <testcase classname="Runner_Script.RunnerClass" name="facelogin1" time="2.565"/>
  <system-out/>
  <testcase classname="Runner_Script.RunnerClass" name="facelogin" time="2.738"/>
  <system-out/>
  <testcase classname="Runner_Script.RunnerClass" name="facelogin1" time="3.336"/>
  <system-out/>
</testsuite> <!-- Runner_Script.RunnerClass -->
